[ 2015-06-14T11:16:05+08:00 ] 42.91.168.53 /cyuyan/admin/login.html
INFO: [ app_init ] --START--
INFO: Run Behavior\BuildLiteBehavior [ RunTime:0.000026s ]
INFO: [ app_init ] --END-- [ RunTime:0.000892s ]
INFO: [ app_begin ] --START--
INFO: Run Behavior\ReadHtmlCacheBehavior [ RunTime:0.000760s ]
INFO: [ app_begin ] --END-- [ RunTime:0.000868s ]
INFO: [ view_parse ] --START--
NOTIC: [8] Undefined index: err D:\web\jpkc\cyuyan\Runtime\Cache\45fb7919a332d6c88b19daa7e92c6c50b88fce20.file.login.html.php 第 77 行.
NOTIC: [8] Trying to get property of non-object D:\web\jpkc\cyuyan\Runtime\Cache\45fb7919a332d6c88b19daa7e92c6c50b88fce20.file.login.html.php 第 77 行.
NOTIC: [8] Undefined index: err D:\web\jpkc\cyuyan\Runtime\Cache\45fb7919a332d6c88b19daa7e92c6c50b88fce20.file.login.html.php 第 79 行.
NOTIC: [8] Trying to get property of non-object D:\web\jpkc\cyuyan\Runtime\Cache\45fb7919a332d6c88b19daa7e92c6c50b88fce20.file.login.html.php 第 79 行.
NOTIC: [8] Undefined index: err D:\web\jpkc\cyuyan\Runtime\Cache\45fb7919a332d6c88b19daa7e92c6c50b88fce20.file.login.html.php 第 81 行.
NOTIC: [8] Trying to get property of non-object D:\web\jpkc\cyuyan\Runtime\Cache\45fb7919a332d6c88b19daa7e92c6c50b88fce20.file.login.html.php 第 81 行.
INFO: Run Behavior\ParseTemplateBehavior [ RunTime:0.029162s ]
INFO: [ view_parse ] --END-- [ RunTime:0.029281s ]
INFO: [ view_filter ] --START--
INFO: Run Behavior\WriteHtmlCacheBehavior [ RunTime:0.000739s ]
INFO: [ view_filter ] --END-- [ RunTime:0.000816s ]
INFO: [ app_end ] --START--
INFO: Run Behavior\ShowPageTraceBehavior [ RunTime:0.000716s ]
INFO: [ app_end ] --END-- [ RunTime:0.000794s ]

[ 2015-06-14T11:16:06+08:00 ] 42.91.168.53 /cyuyan/Admin/checkCode/Checkcode
INFO: [ app_init ] --START--
INFO: Run Behavior\BuildLiteBehavior [ RunTime:0.000024s ]
INFO: [ app_init ] --END-- [ RunTime:0.000519s ]
INFO: [ app_begin ] --START--
INFO: Run Behavior\ReadHtmlCacheBehavior [ RunTime:0.000688s ]
INFO: [ app_begin ] --END-- [ RunTime:0.000777s ]
INFO: [ app_end ] --START--
INFO: Run Behavior\ShowPageTraceBehavior [ RunTime:0.000865s ]
INFO: [ app_end ] --END-- [ RunTime:0.000974s ]

[ 2015-06-14T11:16:15+08:00 ] 42.91.168.53 /cyuyan/Admin/CheckCode/jsonVarify?checkcode=ebqq
INFO: [ app_init ] --START--
INFO: Run Behavior\BuildLiteBehavior [ RunTime:0.000023s ]
INFO: [ app_init ] --END-- [ RunTime:0.000520s ]
INFO: [ app_begin ] --START--
INFO: Run Behavior\ReadHtmlCacheBehavior [ RunTime:0.000693s ]
INFO: [ app_begin ] --END-- [ RunTime:0.000779s ]
INFO: [ app_end ] --START--
INFO: Run Behavior\ShowPageTraceBehavior [ RunTime:0.000716s ]
INFO: [ app_end ] --END-- [ RunTime:0.000815s ]

[ 2015-06-14T11:16:17+08:00 ] 42.91.168.53 /cyuyan/admin/login.html
INFO: [ app_init ] --START--
INFO: Run Behavior\BuildLiteBehavior [ RunTime:0.000029s ]
INFO: [ app_init ] --END-- [ RunTime:0.000555s ]
INFO: [ app_begin ] --START--
INFO: Run Behavior\ReadHtmlCacheBehavior [ RunTime:0.000736s ]
INFO: [ app_begin ] --END-- [ RunTime:0.000833s ]
SQL: SHOW COLUMNS FROM `admin` [ RunTime:0.0098s ]
SQL: SELECT * FROM `admin` WHERE `aid` = 'admin' LIMIT 1   [ RunTime:0.0010s ]

[ 2015-06-14T11:16:17+08:00 ] 42.91.168.53 /cyuyan/Admin/Index/index.html
INFO: [ app_init ] --START--
INFO: Run Behavior\BuildLiteBehavior [ RunTime:0.000033s ]
INFO: [ app_init ] --END-- [ RunTime:0.000591s ]
INFO: [ app_begin ] --START--
INFO: Run Behavior\ReadHtmlCacheBehavior [ RunTime:0.001446s ]
INFO: [ app_begin ] --END-- [ RunTime:0.001572s ]
INFO: [ view_parse ] --START--
INFO: Run Behavior\ParseTemplateBehavior [ RunTime:0.025498s ]
INFO: [ view_parse ] --END-- [ RunTime:0.025659s ]
INFO: [ view_filter ] --START--
INFO: Run Behavior\WriteHtmlCacheBehavior [ RunTime:0.000618s ]
INFO: [ view_filter ] --END-- [ RunTime:0.000691s ]
INFO: [ app_end ] --START--
INFO: Run Behavior\ShowPageTraceBehavior [ RunTime:0.000715s ]
INFO: [ app_end ] --END-- [ RunTime:0.000798s ]

[ 2015-06-14T11:16:17+08:00 ] 42.91.168.53 /cyuyan/Admin/Index/head.html
INFO: [ app_init ] --START--
INFO: Run Behavior\BuildLiteBehavior [ RunTime:0.000033s ]
INFO: [ app_init ] --END-- [ RunTime:0.000840s ]
INFO: [ app_begin ] --START--
INFO: Run Behavior\ReadHtmlCacheBehavior [ RunTime:0.000762s ]
INFO: [ app_begin ] --END-- [ RunTime:0.000890s ]
INFO: [ view_parse ] --START--
INFO: Run Behavior\ParseTemplateBehavior [ RunTime:0.025971s ]
INFO: [ view_parse ] --END-- [ RunTime:0.026088s ]
INFO: [ view_filter ] --START--
INFO: Run Behavior\WriteHtmlCacheBehavior [ RunTime:0.000556s ]
INFO: [ view_filter ] --END-- [ RunTime:0.000623s ]
INFO: [ app_end ] --START--
INFO: Run Behavior\ShowPageTraceBehavior [ RunTime:0.000667s ]
INFO: [ app_end ] --END-- [ RunTime:0.000741s ]

[ 2015-06-14T11:16:17+08:00 ] 42.91.168.53 /cyuyan/Admin/Index/left.html
INFO: [ app_init ] --START--
INFO: Run Behavior\BuildLiteBehavior [ RunTime:0.000033s ]
INFO: [ app_init ] --END-- [ RunTime:0.000718s ]
INFO: [ app_begin ] --START--
INFO: Run Behavior\ReadHtmlCacheBehavior [ RunTime:0.000836s ]
INFO: [ app_begin ] --END-- [ RunTime:0.000955s ]
INFO: [ view_parse ] --START--
INFO: Run Behavior\ParseTemplateBehavior [ RunTime:0.039451s ]
INFO: [ view_parse ] --END-- [ RunTime:0.039592s ]
INFO: [ view_filter ] --START--
INFO: Run Behavior\WriteHtmlCacheBehavior [ RunTime:0.000622s ]
INFO: [ view_filter ] --END-- [ RunTime:0.000700s ]
INFO: [ app_end ] --START--
INFO: Run Behavior\ShowPageTraceBehavior [ RunTime:0.000755s ]
INFO: [ app_end ] --END-- [ RunTime:0.000834s ]

[ 2015-06-14T11:16:17+08:00 ] 42.91.168.53 /cyuyan/Admin/Index/right.html
INFO: [ app_init ] --START--
INFO: Run Behavior\BuildLiteBehavior [ RunTime:0.000025s ]
INFO: [ app_init ] --END-- [ RunTime:0.000564s ]
INFO: [ app_begin ] --START--
INFO: Run Behavior\ReadHtmlCacheBehavior [ RunTime:0.000696s ]
INFO: [ app_begin ] --END-- [ RunTime:0.000785s ]
INFO: [ view_parse ] --START--
INFO: Run Behavior\ParseTemplateBehavior [ RunTime:0.018740s ]
INFO: [ view_parse ] --END-- [ RunTime:0.018867s ]
INFO: [ view_filter ] --START--
INFO: Run Behavior\WriteHtmlCacheBehavior [ RunTime:0.000479s ]
INFO: [ view_filter ] --END-- [ RunTime:0.000547s ]
INFO: [ app_end ] --START--
INFO: Run Behavior\ShowPageTraceBehavior [ RunTime:0.000694s ]
INFO: [ app_end ] --END-- [ RunTime:0.000768s ]

[ 2015-06-14T11:16:17+08:00 ] 42.91.168.53 /cyuyan/Admin/Index/css/admin.css
INFO: [ app_init ] --START--
INFO: Run Behavior\BuildLiteBehavior [ RunTime:0.000029s ]
INFO: [ app_init ] --END-- [ RunTime:0.000584s ]
INFO: [ app_begin ] --START--
INFO: Run Behavior\ReadHtmlCacheBehavior [ RunTime:0.000824s ]
INFO: [ app_begin ] --END-- [ RunTime:0.000930s ]
ERR: 非法操作:css

[ 2015-06-14T11:16:17+08:00 ] 42.91.168.53 /cyuyan/Admin/Index/img/menu_icon.gif
INFO: [ app_init ] --START--
INFO: Run Behavior\BuildLiteBehavior [ RunTime:0.000027s ]
INFO: [ app_init ] --END-- [ RunTime:0.000611s ]
INFO: [ app_begin ] --START--
INFO: Run Behavior\ReadHtmlCacheBehavior [ RunTime:0.000715s ]
INFO: [ app_begin ] --END-- [ RunTime:0.000806s ]
ERR: 非法操作:img

[ 2015-06-14T11:16:17+08:00 ] 42.91.168.53 /cyuyan/Admin/Index/img/title_bg1.jpg
INFO: [ app_init ] --START--
INFO: Run Behavior\BuildLiteBehavior [ RunTime:0.000030s ]
INFO: [ app_init ] --END-- [ RunTime:0.000574s ]
INFO: [ app_begin ] --START--
INFO: Run Behavior\ReadHtmlCacheBehavior [ RunTime:0.000722s ]
INFO: [ app_begin ] --END-- [ RunTime:0.000816s ]
ERR: 非法操作:img

[ 2015-06-14T11:16:17+08:00 ] 42.91.168.53 /cyuyan/Admin/Index/img/shadow_bg.jpg
INFO: [ app_init ] --START--
INFO: Run Behavior\BuildLiteBehavior [ RunTime:0.000034s ]
INFO: [ app_init ] --END-- [ RunTime:0.001395s ]
INFO: [ app_begin ] --START--
INFO: Run Behavior\ReadHtmlCacheBehavior [ RunTime:0.004245s ]
INFO: [ app_begin ] --END-- [ RunTime:0.004379s ]
ERR: 非法操作:img

[ 2015-06-14T11:16:17+08:00 ] 42.91.168.53 /cyuyan/Admin/Index/img/menu_bt.jpg
INFO: [ app_init ] --START--
INFO: Run Behavior\BuildLiteBehavior [ RunTime:0.000025s ]
INFO: [ app_init ] --END-- [ RunTime:0.000642s ]
INFO: [ app_begin ] --START--
INFO: Run Behavior\ReadHtmlCacheBehavior [ RunTime:0.000888s ]
INFO: [ app_begin ] --END-- [ RunTime:0.001013s ]
ERR: 非法操作:img

[ 2015-06-14T11:16:17+08:00 ] 42.91.168.53 /cyuyan/Admin/Index/img/menu_bg.jpg
INFO: [ app_init ] --START--
INFO: Run Behavior\BuildLiteBehavior [ RunTime:0.000028s ]
INFO: [ app_init ] --END-- [ RunTime:0.000620s ]
INFO: [ app_begin ] --START--
INFO: Run Behavior\ReadHtmlCacheBehavior [ RunTime:0.000777s ]
INFO: [ app_begin ] --END-- [ RunTime:0.000877s ]
ERR: 非法操作:img

[ 2015-06-14T11:20:23+08:00 ] 42.91.168.53 /cyuyan/Admin/Manage/article/id/0.html
INFO: [ app_init ] --START--
INFO: Run Behavior\BuildLiteBehavior [ RunTime:0.000027s ]
INFO: [ app_init ] --END-- [ RunTime:0.000620s ]
INFO: [ app_begin ] --START--
INFO: Run Behavior\ReadHtmlCacheBehavior [ RunTime:0.000825s ]
INFO: [ app_begin ] --END-- [ RunTime:0.000932s ]
NOTIC: [8] Undefined index: p D:\web\jpkc\cyuyan\Admin\Controller\ManageController.class.php 第 159 行.
SQL: SHOW COLUMNS FROM `category` [ RunTime:0.0066s ]
SQL: SHOW COLUMNS FROM `article` [ RunTime:0.0077s ]
SQL: SELECT * FROM `category` WHERE ( pid = '0' )  [ RunTime:0.0006s ]
SQL: SELECT * FROM `article` WHERE ( class='1' and single='0' ) ORDER BY rtime desc LIMIT 0,10   [ RunTime:0.0003s ]
SQL: SELECT COUNT(*) AS tp_count FROM `article` WHERE ( class='1' and single='0' ) LIMIT 1   [ RunTime:0.0002s ]
INFO: [ view_parse ] --START--
NOTIC: [2] filemtime(): stat failed for D:\web\jpkc\cyuyan/Runtime/Cache\b9dea4a91a2162af9ae262f14693f0d9687f4388.file.article.html.php D:\web\jpkc\ThinkPHP\Library\Vendor\Smarty\sysplugins\smarty_resource.php 第 683 行.
NOTIC: [2] unlink(D:\web\jpkc\cyuyan/Runtime/Cache\b9dea4a91a2162af9ae262f14693f0d9687f4388.file.article.html.php): No such file or directory D:\web\jpkc\ThinkPHP\Library\Vendor\Smarty\sysplugins\smarty_internal_write_file.php 第 49 行.
NOTIC: [2] chmod() has been disabled for security reasons D:\web\jpkc\ThinkPHP\Library\Vendor\Smarty\sysplugins\smarty_internal_write_file.php 第 61 行.
INFO: Run Behavior\ParseTemplateBehavior [ RunTime:0.225885s ]
INFO: [ view_parse ] --END-- [ RunTime:0.226042s ]
INFO: [ view_filter ] --START--
INFO: Run Behavior\WriteHtmlCacheBehavior [ RunTime:0.000850s ]
INFO: [ view_filter ] --END-- [ RunTime:0.000931s ]
INFO: [ app_end ] --START--
INFO: Run Behavior\ShowPageTraceBehavior [ RunTime:0.000763s ]
INFO: [ app_end ] --END-- [ RunTime:0.000847s ]

[ 2015-06-14T11:20:25+08:00 ] 42.91.168.53 /cyuyan/Admin/Manage/addArticle/id/0
INFO: [ app_init ] --START--
INFO: Run Behavior\BuildLiteBehavior [ RunTime:0.000030s ]
INFO: [ app_init ] --END-- [ RunTime:0.000748s ]
INFO: [ app_begin ] --START--
INFO: Run Behavior\ReadHtmlCacheBehavior [ RunTime:0.001234s ]
INFO: [ app_begin ] --END-- [ RunTime:0.001363s ]
SQL: SHOW COLUMNS FROM `category` [ RunTime:0.0071s ]
SQL: SELECT * FROM `category` WHERE ( pid = '0' )  [ RunTime:0.0005s ]
INFO: [ view_parse ] --START--
NOTIC: [2] filemtime(): stat failed for D:\web\jpkc\cyuyan/Runtime/Cache\2f9135259d8cd1b311d09f5dbf6683db56eaa440.file.addArticle.html.php D:\web\jpkc\ThinkPHP\Library\Vendor\Smarty\sysplugins\smarty_resource.php 第 683 行.
NOTIC: [2] unlink(D:\web\jpkc\cyuyan/Runtime/Cache\2f9135259d8cd1b311d09f5dbf6683db56eaa440.file.addArticle.html.php): No such file or directory D:\web\jpkc\ThinkPHP\Library\Vendor\Smarty\sysplugins\smarty_internal_write_file.php 第 49 行.
NOTIC: [2] chmod() has been disabled for security reasons D:\web\jpkc\ThinkPHP\Library\Vendor\Smarty\sysplugins\smarty_internal_write_file.php 第 61 行.
NOTIC: [8] Undefined index: temp D:\web\jpkc\cyuyan\Runtime\Cache\2f9135259d8cd1b311d09f5dbf6683db56eaa440.file.addArticle.html.php 第 164 行.
NOTIC: [8] Trying to get property of non-object D:\web\jpkc\cyuyan\Runtime\Cache\2f9135259d8cd1b311d09f5dbf6683db56eaa440.file.addArticle.html.php 第 164 行.
NOTIC: [8] Undefined index: err D:\web\jpkc\cyuyan\Runtime\Cache\2f9135259d8cd1b311d09f5dbf6683db56eaa440.file.addArticle.html.php 第 166 行.
NOTIC: [8] Trying to get property of non-object D:\web\jpkc\cyuyan\Runtime\Cache\2f9135259d8cd1b311d09f5dbf6683db56eaa440.file.addArticle.html.php 第 166 行.
NOTIC: [8] Undefined index: temp D:\web\jpkc\cyuyan\Runtime\Cache\2f9135259d8cd1b311d09f5dbf6683db56eaa440.file.addArticle.html.php 第 168 行.
NOTIC: [8] Trying to get property of non-object D:\web\jpkc\cyuyan\Runtime\Cache\2f9135259d8cd1b311d09f5dbf6683db56eaa440.file.addArticle.html.php 第 168 行.
NOTIC: [8] Undefined index: err D:\web\jpkc\cyuyan\Runtime\Cache\2f9135259d8cd1b311d09f5dbf6683db56eaa440.file.addArticle.html.php 第 171 行.
NOTIC: [8] Trying to get property of non-object D:\web\jpkc\cyuyan\Runtime\Cache\2f9135259d8cd1b311d09f5dbf6683db56eaa440.file.addArticle.html.php 第 171 行.
INFO: Run Behavior\ParseTemplateBehavior [ RunTime:0.136541s ]
INFO: [ view_parse ] --END-- [ RunTime:0.136658s ]
INFO: [ view_filter ] --START--
INFO: Run Behavior\WriteHtmlCacheBehavior [ RunTime:0.000686s ]
INFO: [ view_filter ] --END-- [ RunTime:0.000761s ]
INFO: [ app_end ] --START--
INFO: Run Behavior\ShowPageTraceBehavior [ RunTime:0.000744s ]
INFO: [ app_end ] --END-- [ RunTime:0.000829s ]

